<?xml version="1.0" encoding="UTF-8"?>
<testng-results skipped="0" failed="0" ignored="0" total="1" passed="1">
  <reporter-output>
  </reporter-output>
  <suite name="Default suite" duration-ms="20716" started-at="2019-07-05T17:17:48Z" finished-at="2019-07-05T17:18:09Z">
    <groups>
    </groups>
    <test name="Default test" duration-ms="20716" started-at="2019-07-05T17:17:48Z" finished-at="2019-07-05T17:18:09Z">
      <class name="com.training.sanity.tests.AdminAddProductTest">
        <test-method status="PASS" signature="setUpBeforeClass()[pri:0, instance:com.training.sanity.tests.AdminAddProductTest@6a4f787b]" name="setUpBeforeClass" is-config="true" duration-ms="16" started-at="2019-07-05T17:17:48Z" finished-at="2019-07-05T17:17:48Z">
          <reporter-output>
          </reporter-output>
        </test-method> <!-- setUpBeforeClass -->
        <test-method status="PASS" signature="setUp()[pri:0, instance:com.training.sanity.tests.AdminAddProductTest@6a4f787b]" name="setUp" is-config="true" duration-ms="6546" started-at="2019-07-05T17:17:48Z" finished-at="2019-07-05T17:17:55Z">
          <reporter-output>
          </reporter-output>
        </test-method> <!-- setUp -->
        <test-method status="PASS" signature="AdminAddProduct()[pri:0, instance:com.training.sanity.tests.AdminAddProductTest@6a4f787b]" name="AdminAddProduct" duration-ms="13149" started-at="2019-07-05T17:17:55Z" finished-at="2019-07-05T17:18:08Z">
          <reporter-output>
          </reporter-output>
        </test-method> <!-- AdminAddProduct -->
        <test-method status="PASS" signature="tearDown()[pri:0, instance:com.training.sanity.tests.AdminAddProductTest@6a4f787b]" name="tearDown" is-config="true" duration-ms="1005" started-at="2019-07-05T17:18:08Z" finished-at="2019-07-05T17:18:09Z">
          <reporter-output>
          </reporter-output>
        </test-method> <!-- tearDown -->
      </class> <!-- com.training.sanity.tests.AdminAddProductTest -->
    </test> <!-- Default test -->
  </suite> <!-- Default suite -->
</testng-results>
